2025-11-21 18:15:27,460 - INFO - 初始化关键词提取器: batch_size=50, max_concurrent=8
2025-11-21 18:15:27,467 - INFO - 开始提取 2014 年关键词
2025-11-21 18:15:27,500 - INFO - 2014年语料库: 6679 段文本
2025-11-21 18:15:27,500 - INFO - 2014年分成 134 个批次，并发数: 8
2025-11-21 18:15:47,311 - INFO - HTTP Request: POST https://api.xty.app/v1/chat/completions "HTTP/1.1 200 OK"
2025-11-21 18:15:47,678 - INFO - 批次5: 成功提取 21 个关键词
2025-11-21 18:15:51,972 - INFO - HTTP Request: POST https://api.xty.app/v1/chat/completions "HTTP/1.1 200 OK"
2025-11-21 18:15:52,289 - INFO - 批次6: 成功提取 28 个关键词
2025-11-21 18:15:52,856 - INFO - HTTP Request: POST https://api.xty.app/v1/chat/completions "HTTP/1.1 200 OK"
2025-11-21 18:15:53,171 - INFO - 批次2: 成功提取 36 个关键词
2025-11-21 18:15:56,299 - INFO - HTTP Request: POST https://api.xty.app/v1/chat/completions "HTTP/1.1 200 OK"
2025-11-21 18:15:56,613 - INFO - 批次3: 成功提取 40 个关键词
2025-11-21 18:16:01,196 - INFO - HTTP Request: POST https://api.xty.app/v1/chat/completions "HTTP/1.1 200 OK"
2025-11-21 18:16:01,535 - INFO - 批次8: 成功提取 38 个关键词
2025-11-21 18:16:03,918 - INFO - HTTP Request: POST https://api.xty.app/v1/chat/completions "HTTP/1.1 200 OK"
2025-11-21 18:16:04,286 - INFO - 批次4: 成功提取 42 个关键词
2025-11-21 18:16:04,733 - INFO - HTTP Request: POST https://api.xty.app/v1/chat/completions "HTTP/1.1 200 OK"
2025-11-21 18:16:05,093 - INFO - 批次1: 成功提取 54 个关键词
2025-11-21 18:16:07,070 - INFO - HTTP Request: POST https://api.xty.app/v1/chat/completions "HTTP/1.1 200 OK"
2025-11-21 18:16:07,384 - INFO - 批次7: 成功提取 45 个关键词
2025-11-21 18:16:09,119 - INFO - HTTP Request: POST https://api.xty.app/v1/chat/completions "HTTP/1.1 200 OK"
2025-11-21 18:16:09,450 - INFO - 批次10: 成功提取 30 个关键词
2025-11-21 18:16:13,736 - INFO - HTTP Request: POST https://api.xty.app/v1/chat/completions "HTTP/1.1 200 OK"
2025-11-21 18:16:14,100 - INFO - 批次12: 成功提取 33 个关键词
