2025-11-21 18:27:27,164 - INFO - 初始化关键词提取器: batch_size=50, max_concurrent=8
2025-11-21 18:27:27,164 - INFO - 开始提取 2010 年关键词
2025-11-21 18:27:27,219 - INFO - 2010年语料库: 5694 段文本
2025-11-21 18:27:27,220 - INFO - 2010年分成 114 个批次，并发数: 8
2025-11-21 18:27:50,820 - INFO - HTTP Request: POST https://api.xty.app/v1/chat/completions "HTTP/1.1 200 OK"
2025-11-21 18:27:51,137 - INFO - 批次2: 成功提取 29 个关键词
2025-11-21 18:27:54,705 - INFO - HTTP Request: POST https://api.xty.app/v1/chat/completions "HTTP/1.1 200 OK"
2025-11-21 18:27:55,040 - INFO - 批次4: 成功提取 28 个关键词
2025-11-21 18:27:56,014 - INFO - HTTP Request: POST https://api.xty.app/v1/chat/completions "HTTP/1.1 200 OK"
2025-11-21 18:27:56,366 - INFO - 批次7: 成功提取 37 个关键词
2025-11-21 18:27:57,392 - INFO - HTTP Request: POST https://api.xty.app/v1/chat/completions "HTTP/1.1 200 OK"
2025-11-21 18:27:57,760 - INFO - 批次1: 成功提取 40 个关键词
2025-11-21 18:28:01,143 - INFO - HTTP Request: POST https://api.xty.app/v1/chat/completions "HTTP/1.1 200 OK"
2025-11-21 18:28:01,436 - INFO - 批次8: 成功提取 40 个关键词
2025-11-21 18:28:05,837 - INFO - HTTP Request: POST https://api.xty.app/v1/chat/completions "HTTP/1.1 200 OK"
2025-11-21 18:28:06,194 - INFO - 批次6: 成功提取 49 个关键词
2025-11-21 18:28:18,129 - INFO - HTTP Request: POST https://api.xty.app/v1/chat/completions "HTTP/1.1 200 OK"
2025-11-21 18:28:18,417 - INFO - 批次5: 成功提取 82 个关键词
2025-11-21 18:28:22,091 - INFO - HTTP Request: POST https://api.xty.app/v1/chat/completions "HTTP/1.1 200 OK"
2025-11-21 18:28:22,409 - INFO - 批次11: 成功提取 43 个关键词
2025-11-21 18:28:23,485 - INFO - HTTP Request: POST https://api.xty.app/v1/chat/completions "HTTP/1.1 200 OK"
2025-11-21 18:28:23,797 - INFO - 批次3: 成功提取 44 个关键词
2025-11-21 18:28:25,396 - INFO - HTTP Request: POST https://api.xty.app/v1/chat/completions "HTTP/1.1 200 OK"
2025-11-21 18:28:25,754 - INFO - 批次13: 成功提取 27 个关键词
2025-11-21 18:28:29,119 - INFO - HTTP Request: POST https://api.xty.app/v1/chat/completions "HTTP/1.1 200 OK"
2025-11-21 18:28:29,432 - INFO - 批次9: 成功提取 46 个关键词
2025-11-21 18:28:35,685 - INFO - HTTP Request: POST https://api.xty.app/v1/chat/completions "HTTP/1.1 200 OK"
2025-11-21 18:28:36,011 - INFO - 批次10: 成功提取 43 个关键词
2025-11-21 18:28:41,291 - INFO - HTTP Request: POST https://api.xty.app/v1/chat/completions "HTTP/1.1 200 OK"
2025-11-21 18:28:41,626 - INFO - 批次14: 成功提取 37 个关键词
2025-11-21 18:28:45,965 - INFO - HTTP Request: POST https://api.xty.app/v1/chat/completions "HTTP/1.1 200 OK"
2025-11-21 18:28:46,287 - INFO - 批次12: 成功提取 54 个关键词
2025-11-21 18:29:01,457 - INFO - HTTP Request: POST https://api.xty.app/v1/chat/completions "HTTP/1.1 200 OK"
2025-11-21 18:29:01,767 - INFO - 批次19: 成功提取 35 个关键词
2025-11-21 18:29:03,557 - INFO - HTTP Request: POST https://api.xty.app/v1/chat/completions "HTTP/1.1 200 OK"
2025-11-21 18:29:03,890 - INFO - 批次21: 成功提取 34 个关键词
2025-11-21 18:29:08,194 - INFO - HTTP Request: POST https://api.xty.app/v1/chat/completions "HTTP/1.1 200 OK"
2025-11-21 18:29:08,436 - INFO - 批次15: 成功提取 65 个关键词
2025-11-21 18:29:08,590 - INFO - HTTP Request: POST https://api.xty.app/v1/chat/completions "HTTP/1.1 200 OK"
2025-11-21 18:29:08,993 - INFO - 批次20: 成功提取 41 个关键词
2025-11-21 18:29:13,773 - INFO - HTTP Request: POST https://api.xty.app/v1/chat/completions "HTTP/1.1 200 OK"
2025-11-21 18:29:14,113 - INFO - 批次18: 成功提取 35 个关键词
2025-11-21 18:29:14,661 - INFO - HTTP Request: POST https://api.xty.app/v1/chat/completions "HTTP/1.1 200 OK"
2025-11-21 18:29:14,968 - INFO - 批次16: 成功提取 46 个关键词
2025-11-21 18:29:15,326 - INFO - HTTP Request: POST https://api.xty.app/v1/chat/completions "HTTP/1.1 200 OK"
2025-11-21 18:29:15,661 - INFO - 批次17: 成功提取 52 个关键词
2025-11-21 18:29:22,392 - INFO - HTTP Request: POST https://api.xty.app/v1/chat/completions "HTTP/1.1 200 OK"
2025-11-21 18:29:22,680 - INFO - 批次23: 成功提取 31 个关键词
2025-11-21 18:29:33,145 - INFO - HTTP Request: POST https://api.xty.app/v1/chat/completions "HTTP/1.1 200 OK"
2025-11-21 18:29:33,491 - INFO - 批次22: 成功提取 35 个关键词
2025-11-21 18:29:39,108 - INFO - HTTP Request: POST https://api.xty.app/v1/chat/completions "HTTP/1.1 200 OK"
2025-11-21 18:29:39,437 - INFO - 批次26: 成功提取 34 个关键词
2025-11-21 18:29:42,246 - INFO - HTTP Request: POST https://api.xty.app/v1/chat/completions "HTTP/1.1 200 OK"
2025-11-21 18:29:42,577 - INFO - 批次29: 成功提取 36 个关键词
2025-11-21 18:29:45,980 - INFO - HTTP Request: POST https://api.xty.app/v1/chat/completions "HTTP/1.1 200 OK"
2025-11-21 18:29:46,454 - INFO - 批次25: 成功提取 43 个关键词
2025-11-21 18:29:54,976 - INFO - HTTP Request: POST https://api.xty.app/v1/chat/completions "HTTP/1.1 200 OK"
2025-11-21 18:29:55,156 - INFO - 批次30: 成功提取 48 个关键词
2025-11-21 18:29:57,573 - INFO - HTTP Request: POST https://api.xty.app/v1/chat/completions "HTTP/1.1 200 OK"
2025-11-21 18:29:57,810 - INFO - HTTP Request: POST https://api.xty.app/v1/chat/completions "HTTP/1.1 200 OK"
2025-11-21 18:29:57,921 - INFO - 批次28: 成功提取 41 个关键词
2025-11-21 18:29:58,135 - INFO - 批次24: 成功提取 70 个关键词
2025-11-21 18:30:02,744 - INFO - HTTP Request: POST https://api.xty.app/v1/chat/completions "HTTP/1.1 200 OK"
2025-11-21 18:30:02,922 - INFO - 批次31: 成功提取 37 个关键词
2025-11-21 18:30:14,598 - INFO - HTTP Request: POST https://api.xty.app/v1/chat/completions "HTTP/1.1 200 OK"
2025-11-21 18:30:14,868 - INFO - 批次27: 成功提取 71 个关键词
2025-11-21 18:30:15,933 - INFO - HTTP Request: POST https://api.xty.app/v1/chat/completions "HTTP/1.1 200 OK"
2025-11-21 18:30:16,148 - INFO - HTTP Request: POST https://api.xty.app/v1/chat/completions "HTTP/1.1 200 OK"
2025-11-21 18:30:16,241 - INFO - 批次33: 成功提取 41 个关键词
2025-11-21 18:30:16,547 - INFO - 批次34: 成功提取 36 个关键词
2025-11-21 18:30:17,311 - INFO - HTTP Request: POST https://api.xty.app/v1/chat/completions "HTTP/1.1 200 OK"
2025-11-21 18:30:17,642 - INFO - 批次32: 成功提取 47 个关键词
2025-11-21 18:30:27,287 - INFO - HTTP Request: POST https://api.xty.app/v1/chat/completions "HTTP/1.1 200 OK"
2025-11-21 18:30:27,618 - INFO - 批次37: 成功提取 38 个关键词
2025-11-21 18:30:30,456 - INFO - HTTP Request: POST https://api.xty.app/v1/chat/completions "HTTP/1.1 200 OK"
2025-11-21 18:30:30,774 - INFO - 批次35: 成功提取 43 个关键词
2025-11-21 18:30:38,615 - INFO - HTTP Request: POST https://api.xty.app/v1/chat/completions "HTTP/1.1 200 OK"
2025-11-21 18:30:38,908 - INFO - 批次38: 成功提取 39 个关键词
2025-11-21 18:30:45,152 - INFO - HTTP Request: POST https://api.xty.app/v1/chat/completions "HTTP/1.1 200 OK"
2025-11-21 18:30:45,257 - INFO - HTTP Request: POST https://api.xty.app/v1/chat/completions "HTTP/1.1 200 OK"
2025-11-21 18:30:45,483 - INFO - 批次41: 成功提取 42 个关键词
2025-11-21 18:30:45,602 - INFO - 批次39: 成功提取 25 个关键词
2025-11-21 18:30:47,401 - INFO - HTTP Request: POST https://api.xty.app/v1/chat/completions "HTTP/1.1 200 OK"
2025-11-21 18:30:47,731 - INFO - 批次40: 成功提取 38 个关键词
2025-11-21 18:30:56,365 - INFO - HTTP Request: POST https://api.xty.app/v1/chat/completions "HTTP/1.1 200 OK"
2025-11-21 18:30:56,702 - INFO - 批次43: 成功提取 34 个关键词
2025-11-21 18:30:58,375 - INFO - HTTP Request: POST https://api.xty.app/v1/chat/completions "HTTP/1.1 200 OK"
2025-11-21 18:30:58,682 - INFO - 批次36: 成功提取 58 个关键词
2025-11-21 18:31:03,445 - INFO - HTTP Request: POST https://api.xty.app/v1/chat/completions "HTTP/1.1 200 OK"
2025-11-21 18:31:03,751 - INFO - 批次42: 成功提取 55 个关键词
2025-11-21 18:31:05,847 - INFO - HTTP Request: POST https://api.xty.app/v1/chat/completions "HTTP/1.1 200 OK"
2025-11-21 18:31:06,106 - INFO - 批次44: 成功提取 52 个关键词
2025-11-21 18:31:13,435 - INFO - HTTP Request: POST https://api.xty.app/v1/chat/completions "HTTP/1.1 200 OK"
2025-11-21 18:31:13,787 - INFO - 批次45: 成功提取 43 个关键词
2025-11-21 18:31:19,399 - INFO - HTTP Request: POST https://api.xty.app/v1/chat/completions "HTTP/1.1 200 OK"
2025-11-21 18:31:19,751 - INFO - 批次50: 成功提取 24 个关键词
2025-11-21 18:31:24,215 - INFO - HTTP Request: POST https://api.xty.app/v1/chat/completions "HTTP/1.1 200 OK"
2025-11-21 18:31:24,573 - INFO - 批次51: 成功提取 30 个关键词
2025-11-21 18:31:24,964 - INFO - HTTP Request: POST https://api.xty.app/v1/chat/completions "HTTP/1.1 200 OK"
2025-11-21 18:31:25,309 - INFO - 批次47: 成功提取 36 个关键词
2025-11-21 18:31:29,893 - INFO - HTTP Request: POST https://api.xty.app/v1/chat/completions "HTTP/1.1 200 OK"
2025-11-21 18:31:30,216 - INFO - 批次46: 成功提取 53 个关键词
2025-11-21 18:31:33,639 - INFO - HTTP Request: POST https://api.xty.app/v1/chat/completions "HTTP/1.1 200 OK"
2025-11-21 18:31:33,981 - INFO - 批次53: 成功提取 24 个关键词
2025-11-21 18:31:34,539 - INFO - HTTP Request: POST https://api.xty.app/v1/chat/completions "HTTP/1.1 200 OK"
2025-11-21 18:31:34,867 - INFO - 批次48: 成功提取 39 个关键词
2025-11-21 18:31:34,993 - INFO - HTTP Request: POST https://api.xty.app/v1/chat/completions "HTTP/1.1 200 OK"
2025-11-21 18:31:35,303 - INFO - 批次49: 成功提取 36 个关键词
2025-11-21 18:31:43,956 - INFO - HTTP Request: POST https://api.xty.app/v1/chat/completions "HTTP/1.1 200 OK"
2025-11-21 18:31:44,185 - INFO - 批次52: 成功提取 43 个关键词
2025-11-21 18:31:51,983 - INFO - HTTP Request: POST https://api.xty.app/v1/chat/completions "HTTP/1.1 200 OK"
2025-11-21 18:31:52,351 - INFO - 批次55: 成功提取 34 个关键词
2025-11-21 18:31:54,461 - INFO - HTTP Request: POST https://api.xty.app/v1/chat/completions "HTTP/1.1 200 OK"
2025-11-21 18:31:54,782 - INFO - 批次56: 成功提取 43 个关键词
2025-11-21 18:32:09,284 - INFO - HTTP Request: POST https://api.xty.app/v1/chat/completions "HTTP/1.1 200 OK"
2025-11-21 18:32:09,653 - INFO - 批次60: 成功提取 38 个关键词
2025-11-21 18:32:11,021 - INFO - HTTP Request: POST https://api.xty.app/v1/chat/completions "HTTP/1.1 200 OK"
2025-11-21 18:32:11,354 - INFO - 批次54: 成功提取 53 个关键词
2025-11-21 18:32:12,527 - INFO - HTTP Request: POST https://api.xty.app/v1/chat/completions "HTTP/1.1 200 OK"
2025-11-21 18:32:13,033 - INFO - 批次57: 成功提取 46 个关键词
2025-11-21 18:32:15,250 - INFO - HTTP Request: POST https://api.xty.app/v1/chat/completions "HTTP/1.1 200 OK"
2025-11-21 18:32:15,533 - INFO - 批次58: 成功提取 50 个关键词
2025-11-21 18:32:15,852 - INFO - HTTP Request: POST https://api.xty.app/v1/chat/completions "HTTP/1.1 200 OK"
2025-11-21 18:32:16,192 - INFO - 批次59: 成功提取 33 个关键词
2025-11-21 18:32:18,888 - INFO - HTTP Request: POST https://api.xty.app/v1/chat/completions "HTTP/1.1 200 OK"
2025-11-21 18:32:19,218 - INFO - 批次61: 成功提取 47 个关键词
2025-11-21 18:32:20,909 - INFO - HTTP Request: POST https://api.xty.app/v1/chat/completions "HTTP/1.1 200 OK"
2025-11-21 18:32:21,289 - INFO - 批次63: 成功提取 31 个关键词
2025-11-21 18:32:39,350 - INFO - HTTP Request: POST https://api.xty.app/v1/chat/completions "HTTP/1.1 200 OK"
2025-11-21 18:32:39,682 - INFO - 批次65: 成功提取 36 个关键词
2025-11-21 18:32:48,893 - INFO - HTTP Request: POST https://api.xty.app/v1/chat/completions "HTTP/1.1 200 OK"
2025-11-21 18:32:49,232 - INFO - 批次66: 成功提取 45 个关键词
2025-11-21 18:32:50,969 - INFO - HTTP Request: POST https://api.xty.app/v1/chat/completions "HTTP/1.1 200 OK"
2025-11-21 18:32:51,308 - INFO - 批次68: 成功提取 37 个关键词
2025-11-21 18:32:51,334 - INFO - HTTP Request: POST https://api.xty.app/v1/chat/completions "HTTP/1.1 200 OK"
2025-11-21 18:32:52,192 - INFO - HTTP Request: POST https://api.xty.app/v1/chat/completions "HTTP/1.1 200 OK"
2025-11-21 18:32:52,420 - INFO - 批次69: 成功提取 56 个关键词
2025-11-21 18:32:52,538 - INFO - 批次67: 成功提取 36 个关键词
2025-11-21 18:32:53,975 - INFO - HTTP Request: POST https://api.xty.app/v1/chat/completions "HTTP/1.1 200 OK"
2025-11-21 18:32:54,270 - INFO - 批次62: 成功提取 66 个关键词
2025-11-21 18:33:11,513 - INFO - HTTP Request: POST https://api.xty.app/v1/chat/completions "HTTP/1.1 200 OK"
2025-11-21 18:33:11,663 - INFO - HTTP Request: POST https://api.xty.app/v1/chat/completions "HTTP/1.1 200 OK"
2025-11-21 18:33:11,858 - INFO - 批次72: 成功提取 24 个关键词
2025-11-21 18:33:11,890 - INFO - 批次64: 成功提取 57 个关键词
2025-11-21 18:33:19,687 - INFO - HTTP Request: POST https://api.xty.app/v1/chat/completions "HTTP/1.1 200 OK"
2025-11-21 18:33:19,991 - INFO - 批次75: 成功提取 30 个关键词
2025-11-21 18:33:20,758 - INFO - HTTP Request: POST https://api.xty.app/v1/chat/completions "HTTP/1.1 200 OK"
2025-11-21 18:33:21,118 - INFO - 批次70: 成功提取 44 个关键词
2025-11-21 18:33:26,679 - INFO - HTTP Request: POST https://api.xty.app/v1/chat/completions "HTTP/1.1 200 OK"
2025-11-21 18:33:27,040 - INFO - 批次73: 成功提取 40 个关键词
2025-11-21 18:33:31,222 - INFO - HTTP Request: POST https://api.xty.app/v1/chat/completions "HTTP/1.1 200 OK"
2025-11-21 18:33:31,652 - INFO - 批次76: 成功提取 33 个关键词
2025-11-21 18:33:38,711 - INFO - HTTP Request: POST https://api.xty.app/v1/chat/completions "HTTP/1.1 200 OK"
2025-11-21 18:33:38,995 - INFO - 批次77: 成功提取 31 个关键词
2025-11-21 18:33:40,271 - INFO - HTTP Request: POST https://api.xty.app/v1/chat/completions "HTTP/1.1 200 OK"
2025-11-21 18:33:40,646 - INFO - 批次74: 成功提取 50 个关键词
2025-11-21 18:33:43,471 - INFO - HTTP Request: POST https://api.xty.app/v1/chat/completions "HTTP/1.1 200 OK"
2025-11-21 18:33:43,798 - INFO - 批次71: 成功提取 61 个关键词
2025-11-21 18:33:48,935 - INFO - HTTP Request: POST https://api.xty.app/v1/chat/completions "HTTP/1.1 200 OK"
2025-11-21 18:33:49,270 - INFO - 批次78: 成功提取 41 个关键词
2025-11-21 18:33:51,402 - INFO - HTTP Request: POST https://api.xty.app/v1/chat/completions "HTTP/1.1 200 OK"
2025-11-21 18:33:51,751 - INFO - 批次81: 成功提取 27 个关键词
2025-11-21 18:33:55,772 - INFO - HTTP Request: POST https://api.xty.app/v1/chat/completions "HTTP/1.1 200 OK"
2025-11-21 18:33:56,116 - INFO - 批次79: 成功提取 38 个关键词
2025-11-21 18:33:57,987 - INFO - HTTP Request: POST https://api.xty.app/v1/chat/completions "HTTP/1.1 200 OK"
2025-11-21 18:33:58,274 - INFO - 批次82: 成功提取 29 个关键词
2025-11-21 18:34:18,108 - INFO - HTTP Request: POST https://api.xty.app/v1/chat/completions "HTTP/1.1 200 OK"
2025-11-21 18:34:18,437 - INFO - 批次80: 成功提取 46 个关键词
2025-11-21 18:34:22,586 - INFO - HTTP Request: POST https://api.xty.app/v1/chat/completions "HTTP/1.1 200 OK"
2025-11-21 18:34:22,932 - INFO - 批次88: 成功提取 26 个关键词
2025-11-21 18:34:24,620 - INFO - HTTP Request: POST https://api.xty.app/v1/chat/completions "HTTP/1.1 200 OK"
2025-11-21 18:34:24,936 - INFO - 批次85: 成功提取 36 个关键词
2025-11-21 18:34:28,723 - INFO - HTTP Request: POST https://api.xty.app/v1/chat/completions "HTTP/1.1 200 OK"
2025-11-21 18:34:29,049 - INFO - 批次86: 成功提取 37 个关键词
2025-11-21 18:34:29,056 - INFO - HTTP Request: POST https://api.xty.app/v1/chat/completions "HTTP/1.1 200 OK"
2025-11-21 18:34:29,382 - INFO - 批次89: 成功提取 32 个关键词
2025-11-21 18:34:30,649 - INFO - HTTP Request: POST https://api.xty.app/v1/chat/completions "HTTP/1.1 200 OK"
2025-11-21 18:34:30,955 - INFO - 批次87: 成功提取 38 个关键词
2025-11-21 18:34:35,380 - INFO - HTTP Request: POST https://api.xty.app/v1/chat/completions "HTTP/1.1 200 OK"
2025-11-21 18:34:35,611 - INFO - 批次83: 成功提取 51 个关键词
2025-11-21 18:34:39,672 - INFO - HTTP Request: POST https://api.xty.app/v1/chat/completions "HTTP/1.1 200 OK"
2025-11-21 18:34:39,947 - INFO - 批次84: 成功提取 54 个关键词
2025-11-21 18:34:54,194 - INFO - HTTP Request: POST https://api.xty.app/v1/chat/completions "HTTP/1.1 200 OK"
2025-11-21 18:34:54,638 - INFO - 批次94: 成功提取 23 个关键词
2025-11-21 18:34:56,993 - INFO - HTTP Request: POST https://api.xty.app/v1/chat/completions "HTTP/1.1 200 OK"
2025-11-21 18:34:57,324 - INFO - 批次93: 成功提取 34 个关键词
2025-11-21 18:35:00,314 - INFO - HTTP Request: POST https://api.xty.app/v1/chat/completions "HTTP/1.1 200 OK"
2025-11-21 18:35:00,632 - INFO - 批次90: 成功提取 55 个关键词
2025-11-21 18:35:08,847 - INFO - HTTP Request: POST https://api.xty.app/v1/chat/completions "HTTP/1.1 200 OK"
2025-11-21 18:35:09,244 - INFO - 批次96: 成功提取 35 个关键词
2025-11-21 18:35:14,009 - INFO - HTTP Request: POST https://api.xty.app/v1/chat/completions "HTTP/1.1 200 OK"
2025-11-21 18:35:14,388 - INFO - 批次91: 成功提取 49 个关键词
2025-11-21 18:35:14,942 - INFO - HTTP Request: POST https://api.xty.app/v1/chat/completions "HTTP/1.1 200 OK"
2025-11-21 18:35:15,249 - INFO - 批次95: 成功提取 58 个关键词
2025-11-21 18:35:16,342 - INFO - HTTP Request: POST https://api.xty.app/v1/chat/completions "HTTP/1.1 200 OK"
2025-11-21 18:35:16,613 - INFO - 批次99: 成功提取 24 个关键词
2025-11-21 18:35:20,569 - INFO - HTTP Request: POST https://api.xty.app/v1/chat/completions "HTTP/1.1 200 OK"
2025-11-21 18:35:20,884 - INFO - 批次92: 成功提取 52 个关键词
2025-11-21 18:35:21,540 - INFO - HTTP Request: POST https://api.xty.app/v1/chat/completions "HTTP/1.1 200 OK"
2025-11-21 18:35:21,875 - INFO - 批次97: 成功提取 40 个关键词
2025-11-21 18:35:22,819 - INFO - HTTP Request: POST https://api.xty.app/v1/chat/completions "HTTP/1.1 200 OK"
2025-11-21 18:35:23,955 - INFO - 批次98: 成功提取 25 个关键词
2025-11-21 18:35:31,237 - INFO - HTTP Request: POST https://api.xty.app/v1/chat/completions "HTTP/1.1 200 OK"
2025-11-21 18:35:31,545 - INFO - 批次100: 成功提取 44 个关键词
2025-11-21 18:35:43,798 - INFO - HTTP Request: POST https://api.xty.app/v1/chat/completions "HTTP/1.1 200 OK"
2025-11-21 18:35:45,106 - INFO - 批次101: 成功提取 42 个关键词
2025-11-21 18:35:45,696 - INFO - HTTP Request: POST https://api.xty.app/v1/chat/completions "HTTP/1.1 200 OK"
2025-11-21 18:35:46,056 - INFO - 批次102: 成功提取 52 个关键词
2025-11-21 18:36:01,713 - INFO - HTTP Request: POST https://api.xty.app/v1/chat/completions "HTTP/1.1 200 OK"
2025-11-21 18:36:02,047 - INFO - 批次105: 成功提取 43 个关键词
2025-11-21 18:36:03,354 - INFO - HTTP Request: POST https://api.xty.app/v1/chat/completions "HTTP/1.1 200 OK"
2025-11-21 18:36:03,727 - INFO - 批次108: 成功提取 41 个关键词
2025-11-21 18:36:04,852 - INFO - HTTP Request: POST https://api.xty.app/v1/chat/completions "HTTP/1.1 200 OK"
2025-11-21 18:36:05,183 - INFO - 批次103: 成功提取 68 个关键词
2025-11-21 18:36:16,006 - INFO - HTTP Request: POST https://api.xty.app/v1/chat/completions "HTTP/1.1 200 OK"
2025-11-21 18:36:16,250 - INFO - 批次106: 成功提取 56 个关键词
2025-11-21 18:36:16,310 - INFO - HTTP Request: POST https://api.xty.app/v1/chat/completions "HTTP/1.1 200 OK"
2025-11-21 18:36:16,628 - INFO - 批次109: 成功提取 35 个关键词
2025-11-21 18:36:24,077 - INFO - HTTP Request: POST https://api.xty.app/v1/chat/completions "HTTP/1.1 200 OK"
2025-11-21 18:36:24,414 - INFO - 批次104: 成功提取 62 个关键词
2025-11-21 18:36:31,490 - INFO - HTTP Request: POST https://api.xty.app/v1/chat/completions "HTTP/1.1 200 OK"
2025-11-21 18:36:31,796 - INFO - 批次113: 成功提取 29 个关键词
2025-11-21 18:36:37,390 - INFO - HTTP Request: POST https://api.xty.app/v1/chat/completions "HTTP/1.1 200 OK"
2025-11-21 18:36:37,701 - INFO - 批次111: 成功提取 30 个关键词
2025-11-21 18:36:41,088 - INFO - HTTP Request: POST https://api.xty.app/v1/chat/completions "HTTP/1.1 200 OK"
2025-11-21 18:36:41,389 - INFO - 批次114: 成功提取 29 个关键词
2025-11-21 18:36:44,475 - INFO - HTTP Request: POST https://api.xty.app/v1/chat/completions "HTTP/1.1 200 OK"
2025-11-21 18:36:44,483 - INFO - HTTP Request: POST https://api.xty.app/v1/chat/completions "HTTP/1.1 200 OK"
2025-11-21 18:36:44,803 - INFO - 批次112: 成功提取 41 个关键词
2025-11-21 18:36:44,849 - INFO - 批次110: 成功提取 66 个关键词
2025-11-21 18:36:48,799 - INFO - HTTP Request: POST https://api.xty.app/v1/chat/completions "HTTP/1.1 200 OK"
2025-11-21 18:36:49,103 - INFO - 批次107: 成功提取 66 个关键词
2025-11-21 18:36:49,107 - INFO - 2010年: 成功批次 114/114, 提取 4185 个关键词
2025-11-21 18:36:49,768 - INFO - 开始提取 2011 年关键词
2025-11-21 18:36:49,781 - INFO - 2011年语料库: 5868 段文本
2025-11-21 18:36:49,781 - INFO - 2011年分成 118 个批次，并发数: 8
2025-11-21 18:37:17,407 - INFO - HTTP Request: POST https://api.xty.app/v1/chat/completions "HTTP/1.1 200 OK"
2025-11-21 18:37:17,727 - INFO - 批次6: 成功提取 28 个关键词
2025-11-21 18:37:20,726 - INFO - HTTP Request: POST https://api.xty.app/v1/chat/completions "HTTP/1.1 200 OK"
2025-11-21 18:37:21,059 - INFO - 批次8: 成功提取 32 个关键词
2025-11-21 18:37:21,444 - INFO - HTTP Request: POST https://api.xty.app/v1/chat/completions "HTTP/1.1 200 OK"
2025-11-21 18:37:21,760 - INFO - 批次3: 成功提取 38 个关键词
2025-11-21 18:37:25,604 - INFO - HTTP Request: POST https://api.xty.app/v1/chat/completions "HTTP/1.1 200 OK"
2025-11-21 18:37:26,018 - INFO - 批次7: 成功提取 41 个关键词
2025-11-21 18:37:29,545 - INFO - HTTP Request: POST https://api.xty.app/v1/chat/completions "HTTP/1.1 200 OK"
2025-11-21 18:37:29,879 - INFO - 批次4: 成功提取 51 个关键词
2025-11-21 18:37:33,192 - INFO - HTTP Request: POST https://api.xty.app/v1/chat/completions "HTTP/1.1 200 OK"
2025-11-21 18:37:33,360 - INFO - HTTP Request: POST https://api.xty.app/v1/chat/completions "HTTP/1.1 200 OK"
2025-11-21 18:37:33,492 - INFO - 批次1: 成功提取 56 个关键词
2025-11-21 18:37:33,716 - INFO - 批次5: 成功提取 54 个关键词
2025-11-21 18:37:34,952 - INFO - HTTP Request: POST https://api.xty.app/v1/chat/completions "HTTP/1.1 200 OK"
2025-11-21 18:37:35,285 - INFO - 批次2: 成功提取 47 个关键词
2025-11-21 18:37:49,684 - INFO - HTTP Request: POST https://api.xty.app/v1/chat/completions "HTTP/1.1 200 OK"
2025-11-21 18:37:50,017 - INFO - 批次9: 成功提取 41 个关键词
2025-11-21 18:37:52,576 - INFO - HTTP Request: POST https://api.xty.app/v1/chat/completions "HTTP/1.1 200 OK"
2025-11-21 18:37:52,961 - INFO - 批次16: 成功提取 32 个关键词
2025-11-21 18:37:57,727 - INFO - HTTP Request: POST https://api.xty.app/v1/chat/completions "HTTP/1.1 200 OK"
2025-11-21 18:37:58,075 - INFO - 批次10: 成功提取 53 个关键词
2025-11-21 18:38:00,860 - INFO - HTTP Request: POST https://api.xty.app/v1/chat/completions "HTTP/1.1 200 OK"
2025-11-21 18:38:01,312 - INFO - 批次11: 成功提取 37 个关键词
2025-11-21 18:38:05,406 - INFO - HTTP Request: POST https://api.xty.app/v1/chat/completions "HTTP/1.1 200 OK"
2025-11-21 18:38:05,760 - INFO - 批次13: 成功提取 54 个关键词
2025-11-21 18:38:07,372 - INFO - HTTP Request: POST https://api.xty.app/v1/chat/completions "HTTP/1.1 200 OK"
2025-11-21 18:38:07,797 - INFO - 批次15: 成功提取 47 个关键词
2025-11-21 18:38:14,315 - INFO - HTTP Request: POST https://api.xty.app/v1/chat/completions "HTTP/1.1 200 OK"
2025-11-21 18:38:14,673 - INFO - 批次12: 成功提取 54 个关键词
2025-11-21 18:38:26,710 - INFO - HTTP Request: POST https://api.xty.app/v1/chat/completions "HTTP/1.1 200 OK"
2025-11-21 18:38:27,073 - INFO - 批次14: 成功提取 66 个关键词
2025-11-21 18:38:27,831 - INFO - HTTP Request: POST https://api.xty.app/v1/chat/completions "HTTP/1.1 200 OK"
2025-11-21 18:38:28,231 - INFO - 批次20: 成功提取 41 个关键词
2025-11-21 18:38:32,029 - INFO - HTTP Request: POST https://api.xty.app/v1/chat/completions "HTTP/1.1 200 OK"
2025-11-21 18:38:32,365 - INFO - 批次18: 成功提取 39 个关键词
2025-11-21 18:38:33,415 - INFO - HTTP Request: POST https://api.xty.app/v1/chat/completions "HTTP/1.1 200 OK"
2025-11-21 18:38:33,741 - INFO - 批次19: 成功提取 39 个关键词
2025-11-21 18:38:35,673 - INFO - HTTP Request: POST https://api.xty.app/v1/chat/completions "HTTP/1.1 200 OK"
2025-11-21 18:38:36,004 - INFO - 批次21: 成功提取 39 个关键词
2025-11-21 18:38:45,458 - INFO - HTTP Request: POST https://api.xty.app/v1/chat/completions "HTTP/1.1 200 OK"
2025-11-21 18:38:46,603 - ERROR - 批次25: 错误 (尝试 1/3): JSONDecodeError: Unterminated string starting at: line 76 column 18 (char 3788)
2025-11-21 18:38:50,317 - INFO - HTTP Request: POST https://api.xty.app/v1/chat/completions "HTTP/1.1 200 OK"
2025-11-21 18:38:50,695 - INFO - 批次17: 成功提取 62 个关键词
2025-11-21 18:38:53,932 - INFO - HTTP Request: POST https://api.xty.app/v1/chat/completions "HTTP/1.1 200 OK"
2025-11-21 18:38:54,287 - INFO - 批次24: 成功提取 33 个关键词
2025-11-21 18:38:57,340 - INFO - HTTP Request: POST https://api.xty.app/v1/chat/completions "HTTP/1.1 200 OK"
2025-11-21 18:38:57,666 - INFO - 批次26: 成功提取 35 个关键词
2025-11-21 18:38:59,417 - INFO - HTTP Request: POST https://api.xty.app/v1/chat/completions "HTTP/1.1 200 OK"
2025-11-21 18:38:59,715 - INFO - 批次23: 成功提取 43 个关键词
2025-11-21 18:39:07,237 - INFO - HTTP Request: POST https://api.xty.app/v1/chat/completions "HTTP/1.1 200 OK"
2025-11-21 18:39:07,581 - INFO - 批次22: 成功提取 49 个关键词
2025-11-21 18:39:12,201 - INFO - HTTP Request: POST https://api.xty.app/v1/chat/completions "HTTP/1.1 200 OK"
2025-11-21 18:39:12,354 - INFO - HTTP Request: POST https://api.xty.app/v1/chat/completions "HTTP/1.1 200 OK"
2025-11-21 18:39:12,355 - INFO - 批次31: 成功提取 18 个关键词
2025-11-21 18:39:12,426 - INFO - HTTP Request: POST https://api.xty.app/v1/chat/completions "HTTP/1.1 200 OK"
2025-11-21 18:39:12,534 - INFO - 批次28: 成功提取 44 个关键词
2025-11-21 18:39:12,769 - INFO - 批次27: 成功提取 42 个关键词
2025-11-21 18:39:17,927 - INFO - HTTP Request: POST https://api.xty.app/v1/chat/completions "HTTP/1.1 200 OK"
2025-11-21 18:39:18,279 - INFO - 批次29: 成功提取 38 个关键词
2025-11-21 18:39:22,847 - INFO - HTTP Request: POST https://api.xty.app/v1/chat/completions "HTTP/1.1 200 OK"
2025-11-21 18:39:23,208 - INFO - 批次25: 成功提取 30 个关键词
2025-11-21 18:39:32,787 - INFO - HTTP Request: POST https://api.xty.app/v1/chat/completions "HTTP/1.1 200 OK"
2025-11-21 18:39:33,056 - INFO - 批次30: 成功提取 51 个关键词
2025-11-21 18:39:37,356 - INFO - HTTP Request: POST https://api.xty.app/v1/chat/completions "HTTP/1.1 200 OK"
2025-11-21 18:39:37,676 - INFO - 批次34: 成功提取 31 个关键词
2025-11-21 18:39:38,519 - INFO - HTTP Request: POST https://api.xty.app/v1/chat/completions "HTTP/1.1 200 OK"
2025-11-21 18:39:38,848 - INFO - 批次35: 成功提取 38 个关键词
2025-11-21 18:39:41,169 - INFO - HTTP Request: POST https://api.xty.app/v1/chat/completions "HTTP/1.1 200 OK"
2025-11-21 18:39:41,522 - INFO - 批次36: 成功提取 32 个关键词
2025-11-21 18:39:41,879 - INFO - HTTP Request: POST https://api.xty.app/v1/chat/completions "HTTP/1.1 200 OK"
2025-11-21 18:39:42,186 - INFO - 批次32: 成功提取 34 个关键词
2025-11-21 18:39:47,196 - INFO - HTTP Request: POST https://api.xty.app/v1/chat/completions "HTTP/1.1 200 OK"
2025-11-21 18:39:47,556 - INFO - 批次37: 成功提取 43 个关键词
2025-11-21 18:39:48,155 - INFO - HTTP Request: POST https://api.xty.app/v1/chat/completions "HTTP/1.1 200 OK"
2025-11-21 18:39:48,536 - INFO - 批次38: 成功提取 47 个关键词
2025-11-21 18:39:48,928 - INFO - HTTP Request: POST https://api.xty.app/v1/chat/completions "HTTP/1.1 200 OK"
2025-11-21 18:39:49,325 - INFO - 批次33: 成功提取 33 个关键词
2025-11-21 18:40:02,216 - INFO - HTTP Request: POST https://api.xty.app/v1/chat/completions "HTTP/1.1 200 OK"
2025-11-21 18:40:02,543 - INFO - 批次42: 成功提取 27 个关键词
2025-11-21 18:40:08,804 - INFO - HTTP Request: POST https://api.xty.app/v1/chat/completions "HTTP/1.1 200 OK"
2025-11-21 18:40:09,040 - INFO - HTTP Request: POST https://api.xty.app/v1/chat/completions "HTTP/1.1 200 OK"
2025-11-21 18:40:09,140 - INFO - 批次41: 成功提取 31 个关键词
2025-11-21 18:40:09,314 - INFO - 批次39: 成功提取 44 个关键词
2025-11-21 18:40:11,268 - INFO - HTTP Request: POST https://api.xty.app/v1/chat/completions "HTTP/1.1 200 OK"
2025-11-21 18:40:11,636 - INFO - 批次40: 成功提取 36 个关键词
2025-11-21 18:40:12,363 - INFO - HTTP Request: POST https://api.xty.app/v1/chat/completions "HTTP/1.1 200 OK"
2025-11-21 18:40:12,663 - INFO - 批次45: 成功提取 32 个关键词
2025-11-21 18:40:18,204 - INFO - HTTP Request: POST https://api.xty.app/v1/chat/completions "HTTP/1.1 200 OK"
2025-11-21 18:40:18,594 - INFO - 批次46: 成功提取 47 个关键词
2025-11-21 18:40:28,371 - INFO - HTTP Request: POST https://api.xty.app/v1/chat/completions "HTTP/1.1 200 OK"
2025-11-21 18:40:28,669 - INFO - 批次43: 成功提取 48 个关键词
2025-11-21 18:40:35,789 - INFO - HTTP Request: POST https://api.xty.app/v1/chat/completions "HTTP/1.1 200 OK"
2025-11-21 18:40:36,136 - INFO - 批次47: 成功提取 31 个关键词
2025-11-21 18:40:42,268 - INFO - HTTP Request: POST https://api.xty.app/v1/chat/completions "HTTP/1.1 200 OK"
2025-11-21 18:40:42,643 - INFO - 批次50: 成功提取 48 个关键词
2025-11-21 18:40:44,350 - INFO - HTTP Request: POST https://api.xty.app/v1/chat/completions "HTTP/1.1 200 OK"
2025-11-21 18:40:44,686 - INFO - 批次48: 成功提取 41 个关键词
2025-11-21 18:40:44,812 - INFO - HTTP Request: POST https://api.xty.app/v1/chat/completions "HTTP/1.1 200 OK"
2025-11-21 18:40:45,131 - INFO - 批次51: 成功提取 36 个关键词
2025-11-21 18:40:47,671 - INFO - HTTP Request: POST https://api.xty.app/v1/chat/completions "HTTP/1.1 200 OK"
2025-11-21 18:40:47,995 - INFO - 批次44: 成功提取 73 个关键词
2025-11-21 18:40:59,392 - INFO - HTTP Request: POST https://api.xty.app/v1/chat/completions "HTTP/1.1 200 OK"
2025-11-21 18:40:59,772 - INFO - 批次53: 成功提取 33 个关键词
2025-11-21 18:41:01,770 - INFO - HTTP Request: POST https://api.xty.app/v1/chat/completions "HTTP/1.1 200 OK"
2025-11-21 18:41:02,134 - INFO - 批次49: 成功提取 61 个关键词
2025-11-21 18:41:04,517 - INFO - HTTP Request: POST https://api.xty.app/v1/chat/completions "HTTP/1.1 200 OK"
2025-11-21 18:41:04,840 - INFO - 批次52: 成功提取 53 个关键词
2025-11-21 18:41:09,558 - INFO - HTTP Request: POST https://api.xty.app/v1/chat/completions "HTTP/1.1 200 OK"
2025-11-21 18:41:09,901 - INFO - 批次54: 成功提取 35 个关键词
2025-11-21 18:41:10,163 - INFO - HTTP Request: POST https://api.xty.app/v1/chat/completions "HTTP/1.1 200 OK"
2025-11-21 18:41:10,514 - INFO - 批次56: 成功提取 29 个关键词
2025-11-21 18:41:21,555 - INFO - HTTP Request: POST https://api.xty.app/v1/chat/completions "HTTP/1.1 200 OK"
2025-11-21 18:41:21,968 - INFO - 批次57: 成功提取 46 个关键词
2025-11-21 18:41:22,350 - INFO - HTTP Request: POST https://api.xty.app/v1/chat/completions "HTTP/1.1 200 OK"
2025-11-21 18:41:22,669 - INFO - 批次55: 成功提取 46 个关键词
2025-11-21 18:41:37,280 - INFO - HTTP Request: POST https://api.xty.app/v1/chat/completions "HTTP/1.1 200 OK"
2025-11-21 18:41:37,626 - INFO - 批次60: 成功提取 51 个关键词
2025-11-21 18:41:39,203 - INFO - HTTP Request: POST https://api.xty.app/v1/chat/completions "HTTP/1.1 200 OK"
2025-11-21 18:41:39,501 - INFO - 批次61: 成功提取 40 个关键词
2025-11-21 18:41:47,514 - INFO - HTTP Request: POST https://api.xty.app/v1/chat/completions "HTTP/1.1 200 OK"
2025-11-21 18:41:47,786 - INFO - 批次59: 成功提取 51 个关键词
2025-11-21 18:41:50,102 - INFO - HTTP Request: POST https://api.xty.app/v1/chat/completions "HTTP/1.1 200 OK"
2025-11-21 18:41:50,419 - INFO - 批次63: 成功提取 54 个关键词
2025-11-21 18:41:54,081 - INFO - HTTP Request: POST https://api.xty.app/v1/chat/completions "HTTP/1.1 200 OK"
2025-11-21 18:41:54,392 - INFO - 批次58: 成功提取 78 个关键词
2025-11-21 18:41:54,917 - INFO - HTTP Request: POST https://api.xty.app/v1/chat/completions "HTTP/1.1 200 OK"
2025-11-21 18:41:55,298 - INFO - 批次64: 成功提取 46 个关键词
2025-11-21 18:41:58,155 - INFO - HTTP Request: POST https://api.xty.app/v1/chat/completions "HTTP/1.1 200 OK"
2025-11-21 18:41:58,461 - INFO - 批次65: 成功提取 44 个关键词
2025-11-21 18:42:00,785 - INFO - HTTP Request: POST https://api.xty.app/v1/chat/completions "HTTP/1.1 200 OK"
2025-11-21 18:42:01,108 - INFO - 批次62: 成功提取 50 个关键词
2025-11-21 18:42:11,052 - INFO - HTTP Request: POST https://api.xty.app/v1/chat/completions "HTTP/1.1 200 OK"
2025-11-21 18:42:11,470 - INFO - 批次67: 成功提取 44 个关键词
2025-11-21 18:42:15,589 - INFO - HTTP Request: POST https://api.xty.app/v1/chat/completions "HTTP/1.1 200 OK"
2025-11-21 18:42:15,892 - INFO - 批次70: 成功提取 44 个关键词
2025-11-21 18:42:16,951 - INFO - HTTP Request: POST https://api.xty.app/v1/chat/completions "HTTP/1.1 200 OK"
2025-11-21 18:42:17,133 - INFO - HTTP Request: POST https://api.xty.app/v1/chat/completions "HTTP/1.1 200 OK"
2025-11-21 18:42:17,427 - INFO - 批次66: 成功提取 55 个关键词
2025-11-21 18:42:17,466 - INFO - 批次69: 成功提取 28 个关键词
2025-11-21 18:42:20,600 - INFO - HTTP Request: POST https://api.xty.app/v1/chat/completions "HTTP/1.1 200 OK"
2025-11-21 18:42:20,956 - INFO - 批次71: 成功提取 31 个关键词
2025-11-21 18:42:30,003 - INFO - HTTP Request: POST https://api.xty.app/v1/chat/completions "HTTP/1.1 200 OK"
2025-11-21 18:42:31,193 - INFO - 批次68: 成功提取 40 个关键词
2025-11-21 18:42:33,547 - INFO - HTTP Request: POST https://api.xty.app/v1/chat/completions "HTTP/1.1 200 OK"
2025-11-21 18:42:33,854 - INFO - 批次72: 成功提取 41 个关键词
2025-11-21 18:42:39,928 - INFO - HTTP Request: POST https://api.xty.app/v1/chat/completions "HTTP/1.1 200 OK"
2025-11-21 18:42:40,274 - INFO - 批次76: 成功提取 32 个关键词
2025-11-21 18:42:41,461 - INFO - HTTP Request: POST https://api.xty.app/v1/chat/completions "HTTP/1.1 200 OK"
2025-11-21 18:42:41,770 - INFO - 批次73: 成功提取 49 个关键词
2025-11-21 18:42:42,117 - INFO - HTTP Request: POST https://api.xty.app/v1/chat/completions "HTTP/1.1 200 OK"
2025-11-21 18:42:42,432 - INFO - 批次77: 成功提取 30 个关键词
2025-11-21 18:42:43,054 - INFO - HTTP Request: POST https://api.xty.app/v1/chat/completions "HTTP/1.1 200 OK"
2025-11-21 18:42:44,867 - INFO - 批次75: 成功提取 41 个关键词
2025-11-21 18:42:53,954 - INFO - HTTP Request: POST https://api.xty.app/v1/chat/completions "HTTP/1.1 200 OK"
2025-11-21 18:42:54,256 - INFO - 批次74: 成功提取 46 个关键词
2025-11-21 18:42:55,069 - INFO - HTTP Request: POST https://api.xty.app/v1/chat/completions "HTTP/1.1 200 OK"
2025-11-21 18:42:55,380 - INFO - 批次80: 成功提取 42 个关键词
2025-11-21 18:42:59,436 - INFO - HTTP Request: POST https://api.xty.app/v1/chat/completions "HTTP/1.1 200 OK"
2025-11-21 18:43:01,142 - INFO - 批次78: 成功提取 45 个关键词
2025-11-21 18:43:03,504 - INFO - HTTP Request: POST https://api.xty.app/v1/chat/completions "HTTP/1.1 200 OK"
2025-11-21 18:43:03,836 - INFO - 批次79: 成功提取 41 个关键词
2025-11-21 18:43:05,003 - INFO - HTTP Request: POST https://api.xty.app/v1/chat/completions "HTTP/1.1 200 OK"
2025-11-21 18:43:05,320 - INFO - 批次83: 成功提取 51 个关键词
2025-11-21 18:43:12,209 - INFO - HTTP Request: POST https://api.xty.app/v1/chat/completions "HTTP/1.1 200 OK"
2025-11-21 18:43:12,536 - INFO - 批次82: 成功提取 48 个关键词
2025-11-21 18:43:15,458 - INFO - HTTP Request: POST https://api.xty.app/v1/chat/completions "HTTP/1.1 200 OK"
2025-11-21 18:43:15,460 - INFO - 批次84: 成功提取 48 个关键词
2025-11-21 18:43:19,647 - INFO - HTTP Request: POST https://api.xty.app/v1/chat/completions "HTTP/1.1 200 OK"
2025-11-21 18:43:19,651 - INFO - 批次86: 成功提取 38 个关键词
2025-11-21 18:43:22,040 - INFO - HTTP Request: POST https://api.xty.app/v1/chat/completions "HTTP/1.1 200 OK"
2025-11-21 18:43:22,373 - INFO - 批次85: 成功提取 45 个关键词
2025-11-21 18:43:27,631 - INFO - HTTP Request: POST https://api.xty.app/v1/chat/completions "HTTP/1.1 200 OK"
2025-11-21 18:43:28,000 - INFO - 批次88: 成功提取 32 个关键词
2025-11-21 18:43:29,970 - INFO - HTTP Request: POST https://api.xty.app/v1/chat/completions "HTTP/1.1 200 OK"
2025-11-21 18:43:30,352 - INFO - 批次87: 成功提取 41 个关键词
2025-11-21 18:43:42,351 - INFO - HTTP Request: POST https://api.xty.app/v1/chat/completions "HTTP/1.1 200 OK"
2025-11-21 18:43:42,616 - INFO - 批次92: 成功提取 21 个关键词
2025-11-21 18:43:44,961 - INFO - HTTP Request: POST https://api.xty.app/v1/chat/completions "HTTP/1.1 200 OK"
2025-11-21 18:43:46,183 - INFO - 批次91: 成功提取 36 个关键词
2025-11-21 18:43:47,461 - INFO - HTTP Request: POST https://api.xty.app/v1/chat/completions "HTTP/1.1 200 OK"
2025-11-21 18:43:47,793 - INFO - 批次89: 成功提取 70 个关键词
2025-11-21 18:43:52,263 - INFO - HTTP Request: POST https://api.xty.app/v1/chat/completions "HTTP/1.1 200 OK"
2025-11-21 18:43:52,591 - INFO - 批次90: 成功提取 63 个关键词
2025-11-21 18:43:52,916 - INFO - HTTP Request: POST https://api.xty.app/v1/chat/completions "HTTP/1.1 200 OK"
2025-11-21 18:43:53,291 - INFO - 批次93: 成功提取 31 个关键词
2025-11-21 18:43:59,364 - INFO - HTTP Request: POST https://api.xty.app/v1/chat/completions "HTTP/1.1 200 OK"
2025-11-21 18:43:59,645 - INFO - 批次94: 成功提取 36 个关键词
2025-11-21 18:44:00,185 - INFO - HTTP Request: POST https://api.xty.app/v1/chat/completions "HTTP/1.1 200 OK"
2025-11-21 18:44:00,498 - INFO - 批次81: 成功提取 88 个关键词
2025-11-21 18:44:02,413 - INFO - HTTP Request: POST https://api.xty.app/v1/chat/completions "HTTP/1.1 200 OK"
2025-11-21 18:44:02,761 - INFO - 批次96: 成功提取 29 个关键词
2025-11-21 18:44:04,082 - INFO - HTTP Request: POST https://api.xty.app/v1/chat/completions "HTTP/1.1 200 OK"
2025-11-21 18:44:04,400 - INFO - 批次95: 成功提取 46 个关键词
2025-11-21 18:44:19,057 - INFO - HTTP Request: POST https://api.xty.app/v1/chat/completions "HTTP/1.1 200 OK"
2025-11-21 18:44:19,392 - INFO - 批次99: 成功提取 38 个关键词
2025-11-21 18:44:24,021 - INFO - HTTP Request: POST https://api.xty.app/v1/chat/completions "HTTP/1.1 200 OK"
2025-11-21 18:44:24,372 - INFO - 批次97: 成功提取 47 个关键词
2025-11-21 18:44:25,287 - INFO - HTTP Request: POST https://api.xty.app/v1/chat/completions "HTTP/1.1 200 OK"
2025-11-21 18:44:25,639 - INFO - 批次98: 成功提取 46 个关键词
2025-11-21 18:44:32,839 - INFO - HTTP Request: POST https://api.xty.app/v1/chat/completions "HTTP/1.1 200 OK"
2025-11-21 18:44:33,219 - INFO - 批次104: 成功提取 35 个关键词
2025-11-21 18:44:33,649 - INFO - HTTP Request: POST https://api.xty.app/v1/chat/completions "HTTP/1.1 200 OK"
2025-11-21 18:44:33,970 - INFO - 批次102: 成功提取 34 个关键词
2025-11-21 18:44:40,516 - INFO - HTTP Request: POST https://api.xty.app/v1/chat/completions "HTTP/1.1 200 OK"
2025-11-21 18:44:40,822 - INFO - 批次103: 成功提取 48 个关键词
2025-11-21 18:44:43,577 - INFO - HTTP Request: POST https://api.xty.app/v1/chat/completions "HTTP/1.1 200 OK"
2025-11-21 18:44:43,889 - INFO - 批次101: 成功提取 66 个关键词
2025-11-21 18:44:46,568 - INFO - HTTP Request: POST https://api.xty.app/v1/chat/completions "HTTP/1.1 200 OK"
2025-11-21 18:44:46,899 - INFO - 批次107: 成功提取 37 个关键词
2025-11-21 18:44:53,454 - INFO - HTTP Request: POST https://api.xty.app/v1/chat/completions "HTTP/1.1 200 OK"
2025-11-21 18:44:53,458 - INFO - HTTP Request: POST https://api.xty.app/v1/chat/completions "HTTP/1.1 200 OK"
2025-11-21 18:44:53,771 - INFO - 批次105: 成功提取 47 个关键词
2025-11-21 18:44:54,720 - INFO - 批次100: 成功提取 92 个关键词
2025-11-21 18:45:02,255 - INFO - HTTP Request: POST https://api.xty.app/v1/chat/completions "HTTP/1.1 200 OK"
2025-11-21 18:45:02,471 - INFO - 批次109: 成功提取 38 个关键词
2025-11-21 18:45:04,534 - INFO - HTTP Request: POST https://api.xty.app/v1/chat/completions "HTTP/1.1 200 OK"
2025-11-21 18:45:04,879 - INFO - 批次110: 成功提取 41 个关键词
2025-11-21 18:45:09,913 - INFO - HTTP Request: POST https://api.xty.app/v1/chat/completions "HTTP/1.1 200 OK"
2025-11-21 18:45:10,183 - INFO - 批次106: 成功提取 58 个关键词
2025-11-21 18:45:10,729 - INFO - HTTP Request: POST https://api.xty.app/v1/chat/completions "HTTP/1.1 200 OK"
2025-11-21 18:45:11,101 - INFO - 批次111: 成功提取 39 个关键词
2025-11-21 18:45:21,910 - INFO - HTTP Request: POST https://api.xty.app/v1/chat/completions "HTTP/1.1 200 OK"
2025-11-21 18:45:22,296 - INFO - 批次108: 成功提取 54 个关键词
2025-11-21 18:45:22,739 - INFO - HTTP Request: POST https://api.xty.app/v1/chat/completions "HTTP/1.1 200 OK"
2025-11-21 18:45:23,039 - INFO - 批次114: 成功提取 37 个关键词
2025-11-21 18:45:25,747 - INFO - HTTP Request: POST https://api.xty.app/v1/chat/completions "HTTP/1.1 200 OK"
2025-11-21 18:45:26,061 - INFO - 批次116: 成功提取 27 个关键词
2025-11-21 18:45:26,144 - INFO - HTTP Request: POST https://api.xty.app/v1/chat/completions "HTTP/1.1 200 OK"
2025-11-21 18:45:26,295 - INFO - HTTP Request: POST https://api.xty.app/v1/chat/completions "HTTP/1.1 200 OK"
2025-11-21 18:45:26,477 - INFO - 批次112: 成功提取 48 个关键词
2025-11-21 18:45:26,632 - INFO - 批次113: 成功提取 48 个关键词
2025-11-21 18:45:26,892 - INFO - HTTP Request: POST https://api.xty.app/v1/chat/completions "HTTP/1.1 200 OK"
2025-11-21 18:45:27,248 - INFO - 批次118: 成功提取 22 个关键词
2025-11-21 18:45:43,730 - INFO - HTTP Request: POST https://api.xty.app/v1/chat/completions "HTTP/1.1 200 OK"
2025-11-21 18:45:43,809 - INFO - HTTP Request: POST https://api.xty.app/v1/chat/completions "HTTP/1.1 200 OK"
2025-11-21 18:45:44,100 - INFO - 批次117: 成功提取 35 个关键词
2025-11-21 18:45:44,875 - INFO - 批次115: 成功提取 42 个关键词
2025-11-21 18:45:44,879 - INFO - 2011年: 成功批次 118/118, 提取 4489 个关键词
